Using pre-set license
Built from '2022.3/staging' branch; Version is '2022.3.24f1 (334eb2a0b267) revision 3362482'; Using compiler version '192829333'; Build Type 'Release'
OS: 'Windows 11  (10.0.22631) 64bit Core' Language: 'en' Physical Memory: 16087 MB
BatchMode: 1, IsHumanControllingUs: 0, StartBugReporterOnCrash: 0, Is64bit: 1, IsPro: 1

COMMAND LINE ARGUMENTS:
C:\Program Files\Unity\Hub\Editor\2022.3.24f1\Editor\Unity.exe
-adb2
-batchMode
-noUpm
-name
AssetImportWorker2
-projectPath
C:/Users/qwslo/Documents/GitHub/Secrets-of-Sunwarf
-logFile
Logs/AssetImportWorker2.log
-srvPort
51428
Successfully changed project path to: C:/Users/qwslo/Documents/GitHub/Secrets-of-Sunwarf
C:/Users/qwslo/Documents/GitHub/Secrets-of-Sunwarf
[UnityMemory] Configuration Parameters - Can be set up in boot.config
    "memorysetup-bucket-allocator-granularity=16"
    "memorysetup-bucket-allocator-bucket-count=8"
    "memorysetup-bucket-allocator-block-size=33554432"
    "memorysetup-bucket-allocator-block-count=8"
    "memorysetup-main-allocator-block-size=16777216"
    "memorysetup-thread-allocator-block-size=16777216"
    "memorysetup-gfx-main-allocator-block-size=16777216"
    "memorysetup-gfx-thread-allocator-block-size=16777216"
    "memorysetup-cache-allocator-block-size=4194304"
    "memorysetup-typetree-allocator-block-size=2097152"
    "memorysetup-profiler-bucket-allocator-granularity=16"
    "memorysetup-profiler-bucket-allocator-bucket-count=8"
    "memorysetup-profiler-bucket-allocator-block-size=33554432"
    "memorysetup-profiler-bucket-allocator-block-count=8"
    "memorysetup-profiler-allocator-block-size=16777216"
    "memorysetup-profiler-editor-allocator-block-size=1048576"
    "memorysetup-temp-allocator-size-main=16777216"
    "memorysetup-job-temp-allocator-block-size=2097152"
    "memorysetup-job-temp-allocator-block-size-background=1048576"
    "memorysetup-job-temp-allocator-reduction-small-platforms=262144"
    "memorysetup-allocator-temp-initial-block-size-main=262144"
    "memorysetup-allocator-temp-initial-block-size-worker=262144"
    "memorysetup-temp-allocator-size-background-worker=32768"
    "memorysetup-temp-allocator-size-job-worker=262144"
    "memorysetup-temp-allocator-size-preload-manager=33554432"
    "memorysetup-temp-allocator-size-nav-mesh-worker=65536"
    "memorysetup-temp-allocator-size-audio-worker=65536"
    "memorysetup-temp-allocator-size-cloud-worker=32768"
    "memorysetup-temp-allocator-size-gi-baking-worker=262144"
    "memorysetup-temp-allocator-size-gfx=262144"
Player connection [5352] Host "[IP] 192.168.1.217 [Port] 0 [Flags] 2 [Guid] 1262293096 [EditorId] 1262293096 [Version] 1048832 [Id] WindowsEditor(7,Exe) [Debug] 1 [PackageName] WindowsEditor [ProjectName] Editor" joined multi-casting on [225.0.0.222:54997]...

Player connection [5352] Host "[IP] 192.168.1.217 [Port] 0 [Flags] 2 [Guid] 1262293096 [EditorId] 1262293096 [Version] 1048832 [Id] WindowsEditor(7,Exe) [Debug] 1 [PackageName] WindowsEditor [ProjectName] Editor" joined alternative multi-casting on [225.0.0.222:34997]...

[Physics::Module] Initialized MultithreadedJobDispatcher with 11 workers.
Refreshing native plugins compatible for Editor in 4.75 ms, found 3 plugins.
Preloading 0 native plugins for Editor in 0.00 ms.
Initialize engine version: 2022.3.24f1 (334eb2a0b267)
[Subsystems] Discovering subsystems at path C:/Program Files/Unity/Hub/Editor/2022.3.24f1/Editor/Data/Resources/UnitySubsystems
[Subsystems] Discovering subsystems at path C:/Users/qwslo/Documents/GitHub/Secrets-of-Sunwarf/Assets
GfxDevice: creating device client; threaded=0; jobified=0
Direct3D:
    Version:  Direct3D 11.0 [level 11.1]
    Renderer: NVIDIA GeForce RTX 3050 6GB Laptop GPU (ID=0x25ac)
    Vendor:   NVIDIA
    VRAM:     6017 MB
    Driver:   31.0.15.4618
Initialize mono
Mono path[0] = 'C:/Program Files/Unity/Hub/Editor/2022.3.24f1/Editor/Data/Managed'
Mono path[1] = 'C:/Program Files/Unity/Hub/Editor/2022.3.24f1/Editor/Data/MonoBleedingEdge/lib/mono/unityjit-win32'
Mono config path = 'C:/Program Files/Unity/Hub/Editor/2022.3.24f1/Editor/Data/MonoBleedingEdge/etc'
Using monoOptions --debugger-agent=transport=dt_socket,embedding=1,server=y,suspend=n,address=127.0.0.1:56192
Begin MonoManager ReloadAssembly
Registering precompiled unity dll's ...
Register platform support module: C:/Program Files/Unity/Hub/Editor/2022.3.24f1/Editor/Data/PlaybackEngines/WindowsStandaloneSupport/UnityEditor.WindowsStandalone.Extensions.dll
Registered in 0.003712 seconds.
- Loaded All Assemblies, in  0.235 seconds
Native extension for WindowsStandalone target not found
Mono: successfully reloaded assembly
- Finished resetting the current domain, in  0.210 seconds
Domain Reload Profiling: 444ms
	BeginReloadAssembly (75ms)
		ExecutionOrderSort (0ms)
		DisableScriptedObjects (0ms)
		BackupInstance (0ms)
		ReleaseScriptingObjects (0ms)
		CreateAndSetChildDomain (1ms)
	RebuildCommonClasses (25ms)
	RebuildNativeTypeToScriptingClass (7ms)
	initialDomainReloadingComplete (38ms)
	LoadAllAssembliesAndSetupDomain (90ms)
		LoadAssemblies (74ms)
		RebuildTransferFunctionScriptingTraits (0ms)
		AnalyzeDomain (89ms)
			TypeCache.Refresh (88ms)
				TypeCache.ScanAssembly (79ms)
			ScanForSourceGeneratedMonoScriptInfo (0ms)
			ResolveRequiredComponents (0ms)
	FinalizeReload (210ms)
		ReleaseScriptCaches (0ms)
		RebuildScriptCaches (0ms)
		SetupLoadedEditorAssemblies (167ms)
			LogAssemblyErrors (0ms)
			InitializePlatformSupportModulesInManaged (6ms)
			SetLoadedEditorAssemblies (5ms)
			RefreshPlugins (0ms)
			BeforeProcessingInitializeOnLoad (2ms)
			ProcessInitializeOnLoadAttributes (119ms)
			ProcessInitializeOnLoadMethodAttributes (34ms)
			AfterProcessingInitializeOnLoad (0ms)
			EditorAssembliesLoaded (0ms)
		ExecutionOrderSort2 (0ms)
		AwakeInstancesAfterBackupRestoration (0ms)
========================================================================
Worker process is ready to serve import requests
Begin MonoManager ReloadAssembly
- Loaded All Assemblies, in  0.457 seconds
Refreshing native plugins compatible for Editor in 2.11 ms, found 3 plugins.
Native extension for WindowsStandalone target not found
Package Manager log level set to [2]
[Package Manager] Server::EnsureServerProcessIsRunning -- launch failed, reason: Unity was launched with the -noUpm command-line argument
[Package Manager] UpmClient::Send -- Unable to send message (not connected to UPM process).
[Package Manager] Cannot connect to Unity Package Manager local server
Mono: successfully reloaded assembly
- Finished resetting the current domain, in  0.524 seconds
Domain Reload Profiling: 980ms
	BeginReloadAssembly (103ms)
		ExecutionOrderSort (0ms)
		DisableScriptedObjects (4ms)
		BackupInstance (0ms)
		ReleaseScriptingObjects (0ms)
		CreateAndSetChildDomain (16ms)
	RebuildCommonClasses (26ms)
	RebuildNativeTypeToScriptingClass (9ms)
	initialDomainReloadingComplete (28ms)
	LoadAllAssembliesAndSetupDomain (290ms)
		LoadAssemblies (208ms)
		RebuildTransferFunctionScriptingTraits (0ms)
		AnalyzeDomain (137ms)
			TypeCache.Refresh (116ms)
				TypeCache.ScanAssembly (105ms)
			ScanForSourceGeneratedMonoScriptInfo (13ms)
			ResolveRequiredComponents (7ms)
	FinalizeReload (524ms)
		ReleaseScriptCaches (0ms)
		RebuildScriptCaches (0ms)
		SetupLoadedEditorAssemblies (401ms)
			LogAssemblyErrors (0ms)
			InitializePlatformSupportModulesInManaged (4ms)
			SetLoadedEditorAssemblies (3ms)
			RefreshPlugins (0ms)
			BeforeProcessingInitializeOnLoad (44ms)
			ProcessInitializeOnLoadAttributes (296ms)
			ProcessInitializeOnLoadMethodAttributes (50ms)
			AfterProcessingInitializeOnLoad (3ms)
			EditorAssembliesLoaded (0ms)
		ExecutionOrderSort2 (0ms)
		AwakeInstancesAfterBackupRestoration (5ms)
Launched and connected shader compiler UnityShaderCompiler.exe after 0.04 seconds
Refreshing native plugins compatible for Editor in 1.47 ms, found 3 plugins.
Preloading 0 native plugins for Editor in 0.00 ms.
Unloading 3164 Unused Serialized files (Serialized files now loaded: 0)
Unloading 113 unused Assets / (65.1 KB). Loaded Objects now: 3631.
Memory consumption went from 136.0 MB to 136.0 MB.
Total: 2.620900 ms (FindLiveObjects: 0.162000 ms CreateObjectMapping: 0.064500 ms MarkObjects: 2.241800 ms  DeleteObjects: 0.151300 ms)

AssetImportParameters requested are different than current active one (requested -> active):
  custom:container-demuxer-ogg: 62fdf1f143b41e24485cea50d1cbac27 -> 
  custom:video-decoder-ogg-theora: a1e56fd34408186e4bbccfd4996cb3dc -> 
  custom:framework-win-MediaFoundation: 216162199b28c13a410421893ffa2e32 -> 
  custom:CustomObjectIndexerAttribute: 9a22284fe3817be447336de3de66b15e -> 
  custom:container-demuxer-webm: 4f35f7cbe854078d1ac9338744f61a02 -> 
  custom:container-muxer-webm: aa71ff27fc2769a1b78a27578f13a17b -> 
  custom:video-decoder-webm-vp8: 9c59270c3fd7afecdb556c50c9e8de78 -> 
  custom:SearchIndexIgnoredProperties: e643bd26f0fe6173181afceb89e7c659 -> 
  custom:AudioImporter_EditorPlatform: d09bf68614088b80899f8185d706f6e7 -> 
  custom:video-encoder-webm-vp8: eb34c28f22e8b96e1ab97ce403110664 -> 
  custom:audio-decoder-ogg-vorbis: bf7c407c2cedff20999df2af8eb42d56 -> 
  custom:audio-encoder-webm-vorbis: bf7c407c2cedff20999df2af8eb42d56 -> 
========================================================================
Received Prepare
Begin MonoManager ReloadAssembly
- Loaded All Assemblies, in  0.316 seconds
Refreshing native plugins compatible for Editor in 1.66 ms, found 3 plugins.
Native extension for WindowsStandalone target not found
[Package Manager] Server::EnsureServerProcessIsRunning -- launch failed, reason: Unity was launched with the -noUpm command-line argument
[Package Manager] UpmClient::Send -- Unable to send message (not connected to UPM process).
[Package Manager] Cannot connect to Unity Package Manager local server
System.Reflection.TargetInvocationException: Exception has been thrown by the target of an invocation. ---> System.NullReferenceException: Object reference not set to an instance of an object
  at XNodeEditor.NodeEditorAssetModProcessor.OnReloadEditor () [0x0004b] in C:\Users\qwslo\Documents\GitHub\Secrets-of-Sunwarf\Assets\xNode-master\Scripts\Editor\NodeEditorAssetModProcessor.cs:55 
  at (wrapper managed-to-native) System.Reflection.RuntimeMethodInfo.InternalInvoke(System.Reflection.RuntimeMethodInfo,object,object[],System.Exception&)
  at System.Reflection.RuntimeMethodInfo.Invoke (System.Object obj, System.Reflection.BindingFlags invokeAttr, System.Reflection.Binder binder, System.Object[] parameters, System.Globalization.CultureInfo culture) [0x0006a] in <b11ba2a8fbf24f219f7cc98532a11304>:0 
   --- End of inner exception stack trace ---
  at System.Reflection.RuntimeMethodInfo.Invoke (System.Object obj, System.Reflection.BindingFlags invokeAttr, System.Reflection.Binder binder, System.Object[] parameters, System.Globalization.CultureInfo culture) [0x00083] in <b11ba2a8fbf24f219f7cc98532a11304>:0 
  at System.Reflection.MethodBase.Invoke (System.Object obj, System.Object[] parameters) [0x00000] in <b11ba2a8fbf24f219f7cc98532a11304>:0 
  at UnityEditor.EditorAssemblies.ProcessInitializeOnLoadMethodAttributes () [0x000a5] in <fa3f61a6dce8479c85ca5d90a86ee19e>:0 
UnityEngine.StackTraceUtility:ExtractStackTrace ()
UnityEngine.DebugLogHandler:LogFormat (UnityEngine.LogType,UnityEngine.Object,string,object[])
UnityEngine.Logger:Log (UnityEngine.LogType,object)
UnityEngine.Debug:LogError (object)
UnityEditor.EditorAssemblies:ProcessInitializeOnLoadMethodAttributes ()

Mono: successfully reloaded assembly
- Finished resetting the current domain, in  0.892 seconds
Domain Reload Profiling: 1206ms
	BeginReloadAssembly (116ms)
		ExecutionOrderSort (0ms)
		DisableScriptedObjects (3ms)
		BackupInstance (0ms)
		ReleaseScriptingObjects (0ms)
		CreateAndSetChildDomain (27ms)
	RebuildCommonClasses (22ms)
	RebuildNativeTypeToScriptingClass (7ms)
	initialDomainReloadingComplete (23ms)
	LoadAllAssembliesAndSetupDomain (146ms)
		LoadAssemblies (198ms)
		RebuildTransferFunctionScriptingTraits (0ms)
		AnalyzeDomain (10ms)
			TypeCache.Refresh (5ms)
				TypeCache.ScanAssembly (0ms)
			ScanForSourceGeneratedMonoScriptInfo (0ms)
			ResolveRequiredComponents (4ms)
	FinalizeReload (892ms)
		ReleaseScriptCaches (0ms)
		RebuildScriptCaches (0ms)
		SetupLoadedEditorAssemblies (524ms)
			LogAssemblyErrors (0ms)
			InitializePlatformSupportModulesInManaged (5ms)
			SetLoadedEditorAssemblies (4ms)
			RefreshPlugins (0ms)
			BeforeProcessingInitializeOnLoad (55ms)
			ProcessInitializeOnLoadAttributes (342ms)
			ProcessInitializeOnLoadMethodAttributes (114ms)
			AfterProcessingInitializeOnLoad (5ms)
			EditorAssembliesLoaded (0ms)
		ExecutionOrderSort2 (0ms)
		AwakeInstancesAfterBackupRestoration (7ms)
Refreshing native plugins compatible for Editor in 2.99 ms, found 3 plugins.
Preloading 0 native plugins for Editor in 0.00 ms.
Unloading 3136 Unused Serialized files (Serialized files now loaded: 0)
Unloading 35 unused Assets / (33.1 KB). Loaded Objects now: 3634.
Memory consumption went from 133.9 MB to 133.9 MB.
Total: 3.464800 ms (FindLiveObjects: 0.225100 ms CreateObjectMapping: 0.091200 ms MarkObjects: 3.078700 ms  DeleteObjects: 0.068200 ms)

Prepare: number of updated asset objects reloaded= 0
AssetImportParameters requested are different than current active one (requested -> active):
  custom:container-demuxer-ogg: 62fdf1f143b41e24485cea50d1cbac27 -> 
  custom:video-decoder-ogg-theora: a1e56fd34408186e4bbccfd4996cb3dc -> 
  custom:framework-win-MediaFoundation: 216162199b28c13a410421893ffa2e32 -> 
  custom:CustomObjectIndexerAttribute: 9a22284fe3817be447336de3de66b15e -> 
  custom:container-demuxer-webm: 4f35f7cbe854078d1ac9338744f61a02 -> 
  custom:container-muxer-webm: aa71ff27fc2769a1b78a27578f13a17b -> 
  custom:video-decoder-webm-vp8: 9c59270c3fd7afecdb556c50c9e8de78 -> 
  custom:SearchIndexIgnoredProperties: e643bd26f0fe6173181afceb89e7c659 -> 
  custom:AudioImporter_EditorPlatform: d09bf68614088b80899f8185d706f6e7 -> 
  custom:video-encoder-webm-vp8: eb34c28f22e8b96e1ab97ce403110664 -> 
  custom:audio-decoder-ogg-vorbis: bf7c407c2cedff20999df2af8eb42d56 -> 
  custom:audio-encoder-webm-vorbis: bf7c407c2cedff20999df2af8eb42d56 -> 
========================================================================
Received Import Request.
  Time since last request: 157550.949953 seconds.
  path: Assets/Scripts/UI Stuff/Dialogue/1 Main Guard/New Dialogue Graph.asset
  artifactKey: Guid(d2d647d04d0c08049a16ef4f8c6fbfc2) Importer(815301076,1909f56bfc062723c751e8b465ee728b)
Start importing Assets/Scripts/UI Stuff/Dialogue/1 Main Guard/New Dialogue Graph.asset using Guid(d2d647d04d0c08049a16ef4f8c6fbfc2) Importer(815301076,1909f56bfc062723c751e8b465ee728b)  -> (artifact id: 'ced4f78fa87eca2089853048a1a8ad97') in 0.010496 seconds
Number of updated asset objects reloaded before import = 0
Number of asset objects unloaded after import = 1
========================================================================
Received Import Request.
  Time since last request: 6.806515 seconds.
  path: Assets/Scripts/UI Stuff/Dialogue/1 Main Guard/5 Guard Dialogue.asset
  artifactKey: Guid(d2d647d04d0c08049a16ef4f8c6fbfc2) Importer(815301076,1909f56bfc062723c751e8b465ee728b)
Start importing Assets/Scripts/UI Stuff/Dialogue/1 Main Guard/5 Guard Dialogue.asset using Guid(d2d647d04d0c08049a16ef4f8c6fbfc2) Importer(815301076,1909f56bfc062723c751e8b465ee728b)  -> (artifact id: 'd7473d5c451bdb4291a432c14c373192') in 0.000936 seconds
Number of updated asset objects reloaded before import = 0
Number of asset objects unloaded after import = 1
========================================================================
Received Import Request.
  Time since last request: 2.660156 seconds.
  path: Assets/Scripts/UI Stuff/Dialogue/1 Main Guard/5 Guard Dialogue.asset
  artifactKey: Guid(d2d647d04d0c08049a16ef4f8c6fbfc2) Importer(815301076,1909f56bfc062723c751e8b465ee728b)
Start importing Assets/Scripts/UI Stuff/Dialogue/1 Main Guard/5 Guard Dialogue.asset using Guid(d2d647d04d0c08049a16ef4f8c6fbfc2) Importer(815301076,1909f56bfc062723c751e8b465ee728b)  -> (artifact id: '9b5f64da2347ca64887c4cacc34669fc') in 0.001205 seconds
Number of updated asset objects reloaded before import = 0
Number of asset objects unloaded after import = 2
========================================================================
Received Import Request.
  Time since last request: 1.271719 seconds.
  path: Assets/Scripts/UI Stuff/Dialogue/1 Main Guard/5 Guard Dialogue.asset
  artifactKey: Guid(d2d647d04d0c08049a16ef4f8c6fbfc2) Importer(815301076,1909f56bfc062723c751e8b465ee728b)
Start importing Assets/Scripts/UI Stuff/Dialogue/1 Main Guard/5 Guard Dialogue.asset using Guid(d2d647d04d0c08049a16ef4f8c6fbfc2) Importer(815301076,1909f56bfc062723c751e8b465ee728b)  -> (artifact id: 'e75633e9e1ca059cd71c6c5f9e3bf822') in 0.001085 seconds
Number of updated asset objects reloaded before import = 0
Number of asset objects unloaded after import = 2
========================================================================
Received Import Request.
  Time since last request: 1.760421 seconds.
  path: Assets/Scripts/UI Stuff/Dialogue/1 Main Guard/5 Guard Dialogue.asset
  artifactKey: Guid(d2d647d04d0c08049a16ef4f8c6fbfc2) Importer(815301076,1909f56bfc062723c751e8b465ee728b)
Start importing Assets/Scripts/UI Stuff/Dialogue/1 Main Guard/5 Guard Dialogue.asset using Guid(d2d647d04d0c08049a16ef4f8c6fbfc2) Importer(815301076,1909f56bfc062723c751e8b465ee728b)  -> (artifact id: '07b81b57b97ac586a5b97b89e6b76a70') in 0.001166 seconds
Number of updated asset objects reloaded before import = 0
Number of asset objects unloaded after import = 3
========================================================================
Received Import Request.
  Time since last request: 1.167179 seconds.
  path: Assets/Scripts/UI Stuff/Dialogue/1 Main Guard/5 Guard Dialogue.asset
  artifactKey: Guid(d2d647d04d0c08049a16ef4f8c6fbfc2) Importer(815301076,1909f56bfc062723c751e8b465ee728b)
Start importing Assets/Scripts/UI Stuff/Dialogue/1 Main Guard/5 Guard Dialogue.asset using Guid(d2d647d04d0c08049a16ef4f8c6fbfc2) Importer(815301076,1909f56bfc062723c751e8b465ee728b)  -> (artifact id: 'b4773c13d0ae739a60ac127e935a60b4') in 0.001856 seconds
Number of updated asset objects reloaded before import = 0
Number of asset objects unloaded after import = 3
========================================================================
Received Import Request.
  Time since last request: 0.517994 seconds.
  path: Assets/Scripts/UI Stuff/Dialogue/1 Main Guard/5 Guard Dialogue.asset
  artifactKey: Guid(d2d647d04d0c08049a16ef4f8c6fbfc2) Importer(815301076,1909f56bfc062723c751e8b465ee728b)
Start importing Assets/Scripts/UI Stuff/Dialogue/1 Main Guard/5 Guard Dialogue.asset using Guid(d2d647d04d0c08049a16ef4f8c6fbfc2) Importer(815301076,1909f56bfc062723c751e8b465ee728b)  -> (artifact id: '2a2dd7fa5191fed7d4966efa844d1152') in 0.001055 seconds
Number of updated asset objects reloaded before import = 0
Number of asset objects unloaded after import = 3
========================================================================
Received Import Request.
  Time since last request: 0.984823 seconds.
  path: Assets/Scripts/UI Stuff/Dialogue/1 Main Guard/5 Guard Dialogue.asset
  artifactKey: Guid(d2d647d04d0c08049a16ef4f8c6fbfc2) Importer(815301076,1909f56bfc062723c751e8b465ee728b)
Start importing Assets/Scripts/UI Stuff/Dialogue/1 Main Guard/5 Guard Dialogue.asset using Guid(d2d647d04d0c08049a16ef4f8c6fbfc2) Importer(815301076,1909f56bfc062723c751e8b465ee728b)  -> (artifact id: '5ca5ea9d83e0cf4de12bfd69e37a60b3') in 0.001352 seconds
Number of updated asset objects reloaded before import = 0
Number of asset objects unloaded after import = 3
========================================================================
Received Import Request.
  Time since last request: 24.631257 seconds.
  path: Assets/Scripts/UI Stuff/Dialogue/1 Main Guard/5 Guard Dialogue.asset
  artifactKey: Guid(d2d647d04d0c08049a16ef4f8c6fbfc2) Importer(815301076,1909f56bfc062723c751e8b465ee728b)
Start importing Assets/Scripts/UI Stuff/Dialogue/1 Main Guard/5 Guard Dialogue.asset using Guid(d2d647d04d0c08049a16ef4f8c6fbfc2) Importer(815301076,1909f56bfc062723c751e8b465ee728b)  -> (artifact id: 'abbabc1721c03423c29a45343f4b942f') in 0.001095 seconds
Number of updated asset objects reloaded before import = 0
Number of asset objects unloaded after import = 3
========================================================================
Received Import Request.
  Time since last request: 1.745005 seconds.
  path: Assets/Scripts/UI Stuff/Dialogue/1 Main Guard/5 Guard Dialogue.asset
  artifactKey: Guid(d2d647d04d0c08049a16ef4f8c6fbfc2) Importer(815301076,1909f56bfc062723c751e8b465ee728b)
Start importing Assets/Scripts/UI Stuff/Dialogue/1 Main Guard/5 Guard Dialogue.asset using Guid(d2d647d04d0c08049a16ef4f8c6fbfc2) Importer(815301076,1909f56bfc062723c751e8b465ee728b)  -> (artifact id: '6f995f07377462ce2b8d09e860b1968b') in 0.001177 seconds
Number of updated asset objects reloaded before import = 0
Number of asset objects unloaded after import = 4
========================================================================
Received Import Request.
  Time since last request: 19.270322 seconds.
  path: Assets/Scripts/UI Stuff/Dialogue/1 Main Guard/5 Guard Dialogue.asset
  artifactKey: Guid(d2d647d04d0c08049a16ef4f8c6fbfc2) Importer(815301076,1909f56bfc062723c751e8b465ee728b)
Start importing Assets/Scripts/UI Stuff/Dialogue/1 Main Guard/5 Guard Dialogue.asset using Guid(d2d647d04d0c08049a16ef4f8c6fbfc2) Importer(815301076,1909f56bfc062723c751e8b465ee728b)  -> (artifact id: 'e4f8c53cb1de006ed7b0a684e8c4d3be') in 0.001300 seconds
Number of updated asset objects reloaded before import = 0
Number of asset objects unloaded after import = 4
========================================================================
Received Import Request.
  Time since last request: 1.974961 seconds.
  path: Assets/Scripts/UI Stuff/Dialogue/1 Main Guard/5 Guard Dialogue.asset
  artifactKey: Guid(d2d647d04d0c08049a16ef4f8c6fbfc2) Importer(815301076,1909f56bfc062723c751e8b465ee728b)
Start importing Assets/Scripts/UI Stuff/Dialogue/1 Main Guard/5 Guard Dialogue.asset using Guid(d2d647d04d0c08049a16ef4f8c6fbfc2) Importer(815301076,1909f56bfc062723c751e8b465ee728b)  -> (artifact id: '7d1657f01fd9aac74c153c7fee9a4658') in 0.001817 seconds
Number of updated asset objects reloaded before import = 0
Number of asset objects unloaded after import = 4
========================================================================
Received Import Request.
  Time since last request: 21.869303 seconds.
  path: Assets/Scripts/UI Stuff/Dialogue/1 Main Guard/5 Guard Dialogue.asset
  artifactKey: Guid(d2d647d04d0c08049a16ef4f8c6fbfc2) Importer(815301076,1909f56bfc062723c751e8b465ee728b)
Start importing Assets/Scripts/UI Stuff/Dialogue/1 Main Guard/5 Guard Dialogue.asset using Guid(d2d647d04d0c08049a16ef4f8c6fbfc2) Importer(815301076,1909f56bfc062723c751e8b465ee728b)  -> (artifact id: 'ae435df75fa29b80a789d335fc9ee731') in 0.001506 seconds
Number of updated asset objects reloaded before import = 0
Number of asset objects unloaded after import = 5
========================================================================
Received Import Request.
  Time since last request: 1.310278 seconds.
  path: Assets/Scripts/UI Stuff/Dialogue/1 Main Guard/5 Guard Dialogue.asset
  artifactKey: Guid(d2d647d04d0c08049a16ef4f8c6fbfc2) Importer(815301076,1909f56bfc062723c751e8b465ee728b)
Start importing Assets/Scripts/UI Stuff/Dialogue/1 Main Guard/5 Guard Dialogue.asset using Guid(d2d647d04d0c08049a16ef4f8c6fbfc2) Importer(815301076,1909f56bfc062723c751e8b465ee728b)  -> (artifact id: '2e92e7b49f15ae8e6d77c7c30ca71b14') in 0.001273 seconds
Number of updated asset objects reloaded before import = 0
Number of asset objects unloaded after import = 5
========================================================================
Received Import Request.
  Time since last request: 1.145295 seconds.
  path: Assets/Scripts/UI Stuff/Dialogue/1 Main Guard/5 Guard Dialogue.asset
  artifactKey: Guid(d2d647d04d0c08049a16ef4f8c6fbfc2) Importer(815301076,1909f56bfc062723c751e8b465ee728b)
Start importing Assets/Scripts/UI Stuff/Dialogue/1 Main Guard/5 Guard Dialogue.asset using Guid(d2d647d04d0c08049a16ef4f8c6fbfc2) Importer(815301076,1909f56bfc062723c751e8b465ee728b)  -> (artifact id: 'ce2b254b60d998d2f56743d4ec213def') in 0.001329 seconds
Number of updated asset objects reloaded before import = 0
Number of asset objects unloaded after import = 5
========================================================================
Received Import Request.
  Time since last request: 32.078924 seconds.
  path: Assets/Scripts/UI Stuff/Dialogue/1 Main Guard/5 Guard Dialogue.asset
  artifactKey: Guid(d2d647d04d0c08049a16ef4f8c6fbfc2) Importer(815301076,1909f56bfc062723c751e8b465ee728b)
Start importing Assets/Scripts/UI Stuff/Dialogue/1 Main Guard/5 Guard Dialogue.asset using Guid(d2d647d04d0c08049a16ef4f8c6fbfc2) Importer(815301076,1909f56bfc062723c751e8b465ee728b)  -> (artifact id: '5a7914b4f2374cea06a14c827fd99b82') in 0.001267 seconds
Number of updated asset objects reloaded before import = 0
Number of asset objects unloaded after import = 5
========================================================================
Received Import Request.
  Time since last request: 1.809824 seconds.
  path: Assets/Scripts/UI Stuff/Dialogue/1 Main Guard/5 Guard Dialogue.asset
  artifactKey: Guid(d2d647d04d0c08049a16ef4f8c6fbfc2) Importer(815301076,1909f56bfc062723c751e8b465ee728b)
Start importing Assets/Scripts/UI Stuff/Dialogue/1 Main Guard/5 Guard Dialogue.asset using Guid(d2d647d04d0c08049a16ef4f8c6fbfc2) Importer(815301076,1909f56bfc062723c751e8b465ee728b)  -> (artifact id: '07c0a3c6270c57f5cb9824b2705eca09') in 0.001275 seconds
Number of updated asset objects reloaded before import = 0
Number of asset objects unloaded after import = 6
========================================================================
Received Import Request.
  Time since last request: 1.096038 seconds.
  path: Assets/Scripts/UI Stuff/Dialogue/1 Main Guard/5 Guard Dialogue.asset
  artifactKey: Guid(d2d647d04d0c08049a16ef4f8c6fbfc2) Importer(815301076,1909f56bfc062723c751e8b465ee728b)
Start importing Assets/Scripts/UI Stuff/Dialogue/1 Main Guard/5 Guard Dialogue.asset using Guid(d2d647d04d0c08049a16ef4f8c6fbfc2) Importer(815301076,1909f56bfc062723c751e8b465ee728b)  -> (artifact id: '565dd87679424261eb2f3d2e7e7121eb') in 0.001257 seconds
Number of updated asset objects reloaded before import = 0
Number of asset objects unloaded after import = 6
========================================================================
Received Import Request.
  Time since last request: 1.318245 seconds.
  path: Assets/Scripts/UI Stuff/Dialogue/1 Main Guard/5 Guard Dialogue.asset
  artifactKey: Guid(d2d647d04d0c08049a16ef4f8c6fbfc2) Importer(815301076,1909f56bfc062723c751e8b465ee728b)
Start importing Assets/Scripts/UI Stuff/Dialogue/1 Main Guard/5 Guard Dialogue.asset using Guid(d2d647d04d0c08049a16ef4f8c6fbfc2) Importer(815301076,1909f56bfc062723c751e8b465ee728b)  -> (artifact id: '79c9e1ef68669df53ce04c60f28239aa') in 0.001728 seconds
Number of updated asset objects reloaded before import = 0
Number of asset objects unloaded after import = 6
========================================================================
Received Import Request.
  Time since last request: 1.170243 seconds.
  path: Assets/Scripts/UI Stuff/Dialogue/1 Main Guard/5 Guard Dialogue.asset
  artifactKey: Guid(d2d647d04d0c08049a16ef4f8c6fbfc2) Importer(815301076,1909f56bfc062723c751e8b465ee728b)
Start importing Assets/Scripts/UI Stuff/Dialogue/1 Main Guard/5 Guard Dialogue.asset using Guid(d2d647d04d0c08049a16ef4f8c6fbfc2) Importer(815301076,1909f56bfc062723c751e8b465ee728b)  -> (artifact id: '48c1133f23d49149c8c888b82ba0512f') in 0.001845 seconds
Number of updated asset objects reloaded before import = 0
Number of asset objects unloaded after import = 6
========================================================================
Received Import Request.
  Time since last request: 2.091106 seconds.
  path: Assets/Scripts/UI Stuff/Dialogue/1 Main Guard/5 Guard Dialogue.asset
  artifactKey: Guid(d2d647d04d0c08049a16ef4f8c6fbfc2) Importer(815301076,1909f56bfc062723c751e8b465ee728b)
Start importing Assets/Scripts/UI Stuff/Dialogue/1 Main Guard/5 Guard Dialogue.asset using Guid(d2d647d04d0c08049a16ef4f8c6fbfc2) Importer(815301076,1909f56bfc062723c751e8b465ee728b)  -> (artifact id: 'b493c80830b263a364c211719119f08a') in 0.001721 seconds
Number of updated asset objects reloaded before import = 0
Number of asset objects unloaded after import = 6
========================================================================
Received Import Request.
  Time since last request: 31.229391 seconds.
  path: Assets/Scripts/UI Stuff/Dialogue/1 Main Guard/5 Guard Dialogue.asset
  artifactKey: Guid(d2d647d04d0c08049a16ef4f8c6fbfc2) Importer(815301076,1909f56bfc062723c751e8b465ee728b)
Start importing Assets/Scripts/UI Stuff/Dialogue/1 Main Guard/5 Guard Dialogue.asset using Guid(d2d647d04d0c08049a16ef4f8c6fbfc2) Importer(815301076,1909f56bfc062723c751e8b465ee728b)  -> (artifact id: '5a6ac9466b8e19abf4b4cbca4babf2d7') in 0.001631 seconds
Number of updated asset objects reloaded before import = 0
Number of asset objects unloaded after import = 6
========================================================================
Received Import Request.
  Time since last request: 1.257280 seconds.
  path: Assets/Scripts/UI Stuff/Dialogue/1 Main Guard/5 Guard Dialogue.asset
  artifactKey: Guid(d2d647d04d0c08049a16ef4f8c6fbfc2) Importer(815301076,1909f56bfc062723c751e8b465ee728b)
Start importing Assets/Scripts/UI Stuff/Dialogue/1 Main Guard/5 Guard Dialogue.asset using Guid(d2d647d04d0c08049a16ef4f8c6fbfc2) Importer(815301076,1909f56bfc062723c751e8b465ee728b)  -> (artifact id: '205d8f443bba10ad3f503d766be045e7') in 0.001679 seconds
Number of updated asset objects reloaded before import = 0
Number of asset objects unloaded after import = 6
========================================================================
Received Import Request.
  Time since last request: 1.655278 seconds.
  path: Assets/Scripts/UI Stuff/Dialogue/1 Main Guard/5 Guard Dialogue.asset
  artifactKey: Guid(d2d647d04d0c08049a16ef4f8c6fbfc2) Importer(815301076,1909f56bfc062723c751e8b465ee728b)
Start importing Assets/Scripts/UI Stuff/Dialogue/1 Main Guard/5 Guard Dialogue.asset using Guid(d2d647d04d0c08049a16ef4f8c6fbfc2) Importer(815301076,1909f56bfc062723c751e8b465ee728b)  -> (artifact id: '4a5ac5eb75cc83c1bcf1b9f10eca547f') in 0.001437 seconds
Number of updated asset objects reloaded before import = 0
Number of asset objects unloaded after import = 7
========================================================================
Received Import Request.
  Time since last request: 1.324805 seconds.
  path: Assets/Scripts/UI Stuff/Dialogue/1 Main Guard/5 Guard Dialogue.asset
  artifactKey: Guid(d2d647d04d0c08049a16ef4f8c6fbfc2) Importer(815301076,1909f56bfc062723c751e8b465ee728b)
Start importing Assets/Scripts/UI Stuff/Dialogue/1 Main Guard/5 Guard Dialogue.asset using Guid(d2d647d04d0c08049a16ef4f8c6fbfc2) Importer(815301076,1909f56bfc062723c751e8b465ee728b)  -> (artifact id: 'c8944687e244860884685edf87aa2b15') in 0.001546 seconds
Number of updated asset objects reloaded before import = 0
Number of asset objects unloaded after import = 7
========================================================================
Received Import Request.
  Time since last request: 2.845844 seconds.
  path: Assets/Scripts/UI Stuff/Dialogue/1 Main Guard/5 Guard Dialogue.asset
  artifactKey: Guid(d2d647d04d0c08049a16ef4f8c6fbfc2) Importer(815301076,1909f56bfc062723c751e8b465ee728b)
Start importing Assets/Scripts/UI Stuff/Dialogue/1 Main Guard/5 Guard Dialogue.asset using Guid(d2d647d04d0c08049a16ef4f8c6fbfc2) Importer(815301076,1909f56bfc062723c751e8b465ee728b)  -> (artifact id: 'df2569443a28dbf102821a8298515ea4') in 0.001359 seconds
Number of updated asset objects reloaded before import = 0
Number of asset objects unloaded after import = 7
========================================================================
Received Import Request.
  Time since last request: 65.672611 seconds.
  path: Assets/Scripts/UI Stuff/Dialogue/1 Main Guard/5 Guard Dialogue.asset
  artifactKey: Guid(d2d647d04d0c08049a16ef4f8c6fbfc2) Importer(815301076,1909f56bfc062723c751e8b465ee728b)
Start importing Assets/Scripts/UI Stuff/Dialogue/1 Main Guard/5 Guard Dialogue.asset using Guid(d2d647d04d0c08049a16ef4f8c6fbfc2) Importer(815301076,1909f56bfc062723c751e8b465ee728b)  -> (artifact id: '35fa67587f5a6931211dea0dd35ca5db') in 0.001789 seconds
Number of updated asset objects reloaded before import = 0
Number of asset objects unloaded after import = 8
========================================================================
Received Import Request.
  Time since last request: 1.700059 seconds.
  path: Assets/Scripts/UI Stuff/Dialogue/1 Main Guard/5 Guard Dialogue.asset
  artifactKey: Guid(d2d647d04d0c08049a16ef4f8c6fbfc2) Importer(815301076,1909f56bfc062723c751e8b465ee728b)
Start importing Assets/Scripts/UI Stuff/Dialogue/1 Main Guard/5 Guard Dialogue.asset using Guid(d2d647d04d0c08049a16ef4f8c6fbfc2) Importer(815301076,1909f56bfc062723c751e8b465ee728b)  -> (artifact id: '1eb75d19977da36719feeb5a24cbe536') in 0.001644 seconds
Number of updated asset objects reloaded before import = 0
Number of asset objects unloaded after import = 8
========================================================================
Received Import Request.
  Time since last request: 3.268525 seconds.
  path: Assets/Scripts/UI Stuff/Dialogue/1 Main Guard/5 Guard Dialogue.asset
  artifactKey: Guid(d2d647d04d0c08049a16ef4f8c6fbfc2) Importer(815301076,1909f56bfc062723c751e8b465ee728b)
Start importing Assets/Scripts/UI Stuff/Dialogue/1 Main Guard/5 Guard Dialogue.asset using Guid(d2d647d04d0c08049a16ef4f8c6fbfc2) Importer(815301076,1909f56bfc062723c751e8b465ee728b)  -> (artifact id: '2a96159f3336d8543d37d0041ccba2ac') in 0.001593 seconds
Number of updated asset objects reloaded before import = 0
Number of asset objects unloaded after import = 8
========================================================================
Received Import Request.
  Time since last request: 17.709778 seconds.
  path: Assets/Scripts/UI Stuff/Dialogue/1 Main Guard/5 Guard Dialogue.asset
  artifactKey: Guid(d2d647d04d0c08049a16ef4f8c6fbfc2) Importer(815301076,1909f56bfc062723c751e8b465ee728b)
Start importing Assets/Scripts/UI Stuff/Dialogue/1 Main Guard/5 Guard Dialogue.asset using Guid(d2d647d04d0c08049a16ef4f8c6fbfc2) Importer(815301076,1909f56bfc062723c751e8b465ee728b)  -> (artifact id: 'd84d1f559c933830dc2a536128852743') in 0.001653 seconds
Number of updated asset objects reloaded before import = 0
Number of asset objects unloaded after import = 9
========================================================================
Received Import Request.
  Time since last request: 2.712721 seconds.
  path: Assets/Scripts/UI Stuff/Dialogue/1 Main Guard/5 Guard Dialogue.asset
  artifactKey: Guid(d2d647d04d0c08049a16ef4f8c6fbfc2) Importer(815301076,1909f56bfc062723c751e8b465ee728b)
Start importing Assets/Scripts/UI Stuff/Dialogue/1 Main Guard/5 Guard Dialogue.asset using Guid(d2d647d04d0c08049a16ef4f8c6fbfc2) Importer(815301076,1909f56bfc062723c751e8b465ee728b)  -> (artifact id: '0a735fc84c97706d3fbb47e636f620c5') in 0.002343 seconds
Number of updated asset objects reloaded before import = 0
Number of asset objects unloaded after import = 9
========================================================================
Received Import Request.
  Time since last request: 3.482542 seconds.
  path: Assets/Scripts/UI Stuff/Dialogue/1 Main Guard/5 Guard Dialogue.asset
  artifactKey: Guid(d2d647d04d0c08049a16ef4f8c6fbfc2) Importer(815301076,1909f56bfc062723c751e8b465ee728b)
Start importing Assets/Scripts/UI Stuff/Dialogue/1 Main Guard/5 Guard Dialogue.asset using Guid(d2d647d04d0c08049a16ef4f8c6fbfc2) Importer(815301076,1909f56bfc062723c751e8b465ee728b)  -> (artifact id: 'b7397003feca6252fcf24d3760635c37') in 0.002631 seconds
Number of updated asset objects reloaded before import = 0
Number of asset objects unloaded after import = 9
========================================================================
Received Import Request.
  Time since last request: 3.409870 seconds.
  path: Assets/Scripts/UI Stuff/Dialogue/1 Main Guard/5 Guard Dialogue.asset
  artifactKey: Guid(d2d647d04d0c08049a16ef4f8c6fbfc2) Importer(815301076,1909f56bfc062723c751e8b465ee728b)
Start importing Assets/Scripts/UI Stuff/Dialogue/1 Main Guard/5 Guard Dialogue.asset using Guid(d2d647d04d0c08049a16ef4f8c6fbfc2) Importer(815301076,1909f56bfc062723c751e8b465ee728b)  -> (artifact id: 'eeb610f3956a336b20d0b1680dc9b644') in 0.001812 seconds
Number of updated asset objects reloaded before import = 0
Number of asset objects unloaded after import = 10
========================================================================
Received Import Request.
  Time since last request: 1.750738 seconds.
  path: Assets/Scripts/UI Stuff/Dialogue/1 Main Guard/5 Guard Dialogue.asset
  artifactKey: Guid(d2d647d04d0c08049a16ef4f8c6fbfc2) Importer(815301076,1909f56bfc062723c751e8b465ee728b)
Start importing Assets/Scripts/UI Stuff/Dialogue/1 Main Guard/5 Guard Dialogue.asset using Guid(d2d647d04d0c08049a16ef4f8c6fbfc2) Importer(815301076,1909f56bfc062723c751e8b465ee728b)  -> (artifact id: 'e62a8ad84d702d2be728b1c3ad3474eb') in 0.002428 seconds
Number of updated asset objects reloaded before import = 0
Number of asset objects unloaded after import = 10
========================================================================
Received Import Request.
  Time since last request: 1.414861 seconds.
  path: Assets/Scripts/UI Stuff/Dialogue/1 Main Guard/5 Guard Dialogue.asset
  artifactKey: Guid(d2d647d04d0c08049a16ef4f8c6fbfc2) Importer(815301076,1909f56bfc062723c751e8b465ee728b)
Start importing Assets/Scripts/UI Stuff/Dialogue/1 Main Guard/5 Guard Dialogue.asset using Guid(d2d647d04d0c08049a16ef4f8c6fbfc2) Importer(815301076,1909f56bfc062723c751e8b465ee728b)  -> (artifact id: 'fcf54eb310510b207b31fe61e5fe63f5') in 0.001634 seconds
Number of updated asset objects reloaded before import = 0
Number of asset objects unloaded after import = 10
========================================================================
Received Import Request.
  Time since last request: 1.948570 seconds.
  path: Assets/Scripts/UI Stuff/Dialogue/1 Main Guard/5 Guard Dialogue.asset
  artifactKey: Guid(d2d647d04d0c08049a16ef4f8c6fbfc2) Importer(815301076,1909f56bfc062723c751e8b465ee728b)
Start importing Assets/Scripts/UI Stuff/Dialogue/1 Main Guard/5 Guard Dialogue.asset using Guid(d2d647d04d0c08049a16ef4f8c6fbfc2) Importer(815301076,1909f56bfc062723c751e8b465ee728b)  -> (artifact id: '0c78febed1430954572a9354d38aa19f') in 0.002088 seconds
Number of updated asset objects reloaded before import = 0
Number of asset objects unloaded after import = 10
========================================================================
Received Import Request.
  Time since last request: 56.054344 seconds.
  path: Assets/Scripts/UI Stuff/Dialogue/1 Main Guard/5 Guard Dialogue.asset
  artifactKey: Guid(d2d647d04d0c08049a16ef4f8c6fbfc2) Importer(815301076,1909f56bfc062723c751e8b465ee728b)
Start importing Assets/Scripts/UI Stuff/Dialogue/1 Main Guard/5 Guard Dialogue.asset using Guid(d2d647d04d0c08049a16ef4f8c6fbfc2) Importer(815301076,1909f56bfc062723c751e8b465ee728b)  -> (artifact id: '45db6b678dc7f8515ed7aa9d444d77cf') in 0.001935 seconds
Number of updated asset objects reloaded before import = 0
Number of asset objects unloaded after import = 10
========================================================================
Received Import Request.
  Time since last request: 2.257409 seconds.
  path: Assets/Scripts/UI Stuff/Dialogue/1 Main Guard/5 Guard Dialogue.asset
  artifactKey: Guid(d2d647d04d0c08049a16ef4f8c6fbfc2) Importer(815301076,1909f56bfc062723c751e8b465ee728b)
Start importing Assets/Scripts/UI Stuff/Dialogue/1 Main Guard/5 Guard Dialogue.asset using Guid(d2d647d04d0c08049a16ef4f8c6fbfc2) Importer(815301076,1909f56bfc062723c751e8b465ee728b)  -> (artifact id: '264c03b8e0d39215cdb970d7bb95feac') in 0.001775 seconds
Number of updated asset objects reloaded before import = 0
Number of asset objects unloaded after import = 11
========================================================================
Received Import Request.
  Time since last request: 0.912864 seconds.
  path: Assets/Scripts/UI Stuff/Dialogue/1 Main Guard/5 Guard Dialogue.asset
  artifactKey: Guid(d2d647d04d0c08049a16ef4f8c6fbfc2) Importer(815301076,1909f56bfc062723c751e8b465ee728b)
Start importing Assets/Scripts/UI Stuff/Dialogue/1 Main Guard/5 Guard Dialogue.asset using Guid(d2d647d04d0c08049a16ef4f8c6fbfc2) Importer(815301076,1909f56bfc062723c751e8b465ee728b)  -> (artifact id: '20efeaf4fb98082de60aab037713fd90') in 0.002280 seconds
Number of updated asset objects reloaded before import = 0
Number of asset objects unloaded after import = 11
========================================================================
Received Import Request.
  Time since last request: 1.828840 seconds.
  path: Assets/Scripts/UI Stuff/Dialogue/1 Main Guard/5 Guard Dialogue.asset
  artifactKey: Guid(d2d647d04d0c08049a16ef4f8c6fbfc2) Importer(815301076,1909f56bfc062723c751e8b465ee728b)
Start importing Assets/Scripts/UI Stuff/Dialogue/1 Main Guard/5 Guard Dialogue.asset using Guid(d2d647d04d0c08049a16ef4f8c6fbfc2) Importer(815301076,1909f56bfc062723c751e8b465ee728b)  -> (artifact id: '07fe7284265392c2edd6f25733b52173') in 0.002032 seconds
Number of updated asset objects reloaded before import = 0
Number of asset objects unloaded after import = 11
========================================================================
Received Import Request.
  Time since last request: 16.210553 seconds.
  path: Assets/Scripts/UI Stuff/Dialogue/1 Main Guard/5 Guard Dialogue.asset
  artifactKey: Guid(d2d647d04d0c08049a16ef4f8c6fbfc2) Importer(815301076,1909f56bfc062723c751e8b465ee728b)
Start importing Assets/Scripts/UI Stuff/Dialogue/1 Main Guard/5 Guard Dialogue.asset using Guid(d2d647d04d0c08049a16ef4f8c6fbfc2) Importer(815301076,1909f56bfc062723c751e8b465ee728b)  -> (artifact id: '8f90905d36acb5310670cc3f67de2c3a') in 0.002029 seconds
Number of updated asset objects reloaded before import = 0
Number of asset objects unloaded after import = 11
========================================================================
Received Import Request.
  Time since last request: 2.988200 seconds.
  path: Assets/Scripts/UI Stuff/Dialogue/1 Main Guard/5 Guard Dialogue.asset
  artifactKey: Guid(d2d647d04d0c08049a16ef4f8c6fbfc2) Importer(815301076,1909f56bfc062723c751e8b465ee728b)
Start importing Assets/Scripts/UI Stuff/Dialogue/1 Main Guard/5 Guard Dialogue.asset using Guid(d2d647d04d0c08049a16ef4f8c6fbfc2) Importer(815301076,1909f56bfc062723c751e8b465ee728b)  -> (artifact id: '17d1203512c382affacf495cca1d776c') in 0.005660 seconds
Number of updated asset objects reloaded before import = 0
Number of asset objects unloaded after import = 12
========================================================================
Received Import Request.
  Time since last request: 0.687674 seconds.
  path: Assets/Scripts/UI Stuff/Dialogue/1 Main Guard/5 Guard Dialogue.asset
  artifactKey: Guid(d2d647d04d0c08049a16ef4f8c6fbfc2) Importer(815301076,1909f56bfc062723c751e8b465ee728b)
Start importing Assets/Scripts/UI Stuff/Dialogue/1 Main Guard/5 Guard Dialogue.asset using Guid(d2d647d04d0c08049a16ef4f8c6fbfc2) Importer(815301076,1909f56bfc062723c751e8b465ee728b)  -> (artifact id: 'ccb65abee476248866789339d1e3f4fb') in 0.001779 seconds
Number of updated asset objects reloaded before import = 0
Number of asset objects unloaded after import = 12
========================================================================
Received Import Request.
  Time since last request: 4.378321 seconds.
  path: Assets/Scripts/UI Stuff/Dialogue/1 Main Guard/5 Guard Dialogue.asset
  artifactKey: Guid(d2d647d04d0c08049a16ef4f8c6fbfc2) Importer(815301076,1909f56bfc062723c751e8b465ee728b)
Start importing Assets/Scripts/UI Stuff/Dialogue/1 Main Guard/5 Guard Dialogue.asset using Guid(d2d647d04d0c08049a16ef4f8c6fbfc2) Importer(815301076,1909f56bfc062723c751e8b465ee728b)  -> (artifact id: 'c9f08deae339029179f265d022c4d509') in 0.002092 seconds
Number of updated asset objects reloaded before import = 0
Number of asset objects unloaded after import = 12
========================================================================
Received Import Request.
  Time since last request: 3.891323 seconds.
  path: Assets/Scripts/UI Stuff/Dialogue/1 Main Guard/5 Guard Dialogue.asset
  artifactKey: Guid(d2d647d04d0c08049a16ef4f8c6fbfc2) Importer(815301076,1909f56bfc062723c751e8b465ee728b)
Start importing Assets/Scripts/UI Stuff/Dialogue/1 Main Guard/5 Guard Dialogue.asset using Guid(d2d647d04d0c08049a16ef4f8c6fbfc2) Importer(815301076,1909f56bfc062723c751e8b465ee728b)  -> (artifact id: '044587985829a3b8d56da246a8336041') in 0.001817 seconds
Number of updated asset objects reloaded before import = 0
Number of asset objects unloaded after import = 12
========================================================================
Received Import Request.
  Time since last request: 1.581595 seconds.
  path: Assets/Scripts/UI Stuff/Dialogue/1 Main Guard/5 Guard Dialogue.asset
  artifactKey: Guid(d2d647d04d0c08049a16ef4f8c6fbfc2) Importer(815301076,1909f56bfc062723c751e8b465ee728b)
Start importing Assets/Scripts/UI Stuff/Dialogue/1 Main Guard/5 Guard Dialogue.asset using Guid(d2d647d04d0c08049a16ef4f8c6fbfc2) Importer(815301076,1909f56bfc062723c751e8b465ee728b)  -> (artifact id: 'c39f27bf191c65d70270f22bf98fcf59') in 0.002283 seconds
Number of updated asset objects reloaded before import = 0
Number of asset objects unloaded after import = 13
========================================================================
Received Import Request.
  Time since last request: 1.589801 seconds.
  path: Assets/Scripts/UI Stuff/Dialogue/1 Main Guard/5 Guard Dialogue.asset
  artifactKey: Guid(d2d647d04d0c08049a16ef4f8c6fbfc2) Importer(815301076,1909f56bfc062723c751e8b465ee728b)
Start importing Assets/Scripts/UI Stuff/Dialogue/1 Main Guard/5 Guard Dialogue.asset using Guid(d2d647d04d0c08049a16ef4f8c6fbfc2) Importer(815301076,1909f56bfc062723c751e8b465ee728b)  -> (artifact id: 'fe15a443e9310541f045402a2ff83793') in 0.001944 seconds
Number of updated asset objects reloaded before import = 0
Number of asset objects unloaded after import = 13
========================================================================
Received Import Request.
  Time since last request: 3.885870 seconds.
  path: Assets/Scripts/UI Stuff/Dialogue/1 Main Guard/5 Guard Dialogue.asset
  artifactKey: Guid(d2d647d04d0c08049a16ef4f8c6fbfc2) Importer(815301076,1909f56bfc062723c751e8b465ee728b)
Start importing Assets/Scripts/UI Stuff/Dialogue/1 Main Guard/5 Guard Dialogue.asset using Guid(d2d647d04d0c08049a16ef4f8c6fbfc2) Importer(815301076,1909f56bfc062723c751e8b465ee728b)  -> (artifact id: 'f87a40aaa81210b27c32e8ebd741b70a') in 0.002098 seconds
Number of updated asset objects reloaded before import = 0
Number of asset objects unloaded after import = 13
========================================================================
Received Import Request.
  Time since last request: 20.354006 seconds.
  path: Assets/Scripts/UI Stuff/Dialogue/1 Main Guard/5 Guard Dialogue.asset
  artifactKey: Guid(d2d647d04d0c08049a16ef4f8c6fbfc2) Importer(815301076,1909f56bfc062723c751e8b465ee728b)
Start importing Assets/Scripts/UI Stuff/Dialogue/1 Main Guard/5 Guard Dialogue.asset using Guid(d2d647d04d0c08049a16ef4f8c6fbfc2) Importer(815301076,1909f56bfc062723c751e8b465ee728b)  -> (artifact id: '97eca57e1969c67ea2e5674aeb112eed') in 0.001904 seconds
Number of updated asset objects reloaded before import = 0
Number of asset objects unloaded after import = 13
========================================================================
Received Prepare
Begin MonoManager ReloadAssembly
- Loaded All Assemblies, in  0.397 seconds
Refreshing native plugins compatible for Editor in 1.74 ms, found 3 plugins.
Native extension for WindowsStandalone target not found
[Package Manager] Server::EnsureServerProcessIsRunning -- launch failed, reason: Unity was launched with the -noUpm command-line argument
[Package Manager] UpmClient::Send -- Unable to send message (not connected to UPM process).
[Package Manager] Cannot connect to Unity Package Manager local server
System.Reflection.TargetInvocationException: Exception has been thrown by the target of an invocation. ---> System.NullReferenceException: Object reference not set to an instance of an object
  at XNodeEditor.NodeEditorAssetModProcessor.OnReloadEditor () [0x0004b] in C:\Users\qwslo\Documents\GitHub\Secrets-of-Sunwarf\Assets\xNode-master\Scripts\Editor\NodeEditorAssetModProcessor.cs:55 
  at (wrapper managed-to-native) System.Reflection.RuntimeMethodInfo.InternalInvoke(System.Reflection.RuntimeMethodInfo,object,object[],System.Exception&)
  at System.Reflection.RuntimeMethodInfo.Invoke (System.Object obj, System.Reflection.BindingFlags invokeAttr, System.Reflection.Binder binder, System.Object[] parameters, System.Globalization.CultureInfo culture) [0x0006a] in <b11ba2a8fbf24f219f7cc98532a11304>:0 
   --- End of inner exception stack trace ---
  at System.Reflection.RuntimeMethodInfo.Invoke (System.Object obj, System.Reflection.BindingFlags invokeAttr, System.Reflection.Binder binder, System.Object[] parameters, System.Globalization.CultureInfo culture) [0x00083] in <b11ba2a8fbf24f219f7cc98532a11304>:0 
  at System.Reflection.MethodBase.Invoke (System.Object obj, System.Object[] parameters) [0x00000] in <b11ba2a8fbf24f219f7cc98532a11304>:0 
  at UnityEditor.EditorAssemblies.ProcessInitializeOnLoadMethodAttributes () [0x000a5] in <fa3f61a6dce8479c85ca5d90a86ee19e>:0 
UnityEngine.StackTraceUtility:ExtractStackTrace ()
UnityEngine.DebugLogHandler:LogFormat (UnityEngine.LogType,UnityEngine.Object,string,object[])
UnityEngine.Logger:Log (UnityEngine.LogType,object)
UnityEngine.Debug:LogError (object)
UnityEditor.EditorAssemblies:ProcessInitializeOnLoadMethodAttributes ()

Mono: successfully reloaded assembly
- Finished resetting the current domain, in  0.642 seconds
Domain Reload Profiling: 1038ms
	BeginReloadAssembly (189ms)
		ExecutionOrderSort (0ms)
		DisableScriptedObjects (9ms)
		BackupInstance (0ms)
		ReleaseScriptingObjects (0ms)
		CreateAndSetChildDomain (63ms)
	RebuildCommonClasses (25ms)
	RebuildNativeTypeToScriptingClass (10ms)
	initialDomainReloadingComplete (18ms)
	LoadAllAssembliesAndSetupDomain (154ms)
		LoadAssemblies (195ms)
		RebuildTransferFunctionScriptingTraits (0ms)
		AnalyzeDomain (20ms)
			TypeCache.Refresh (8ms)
				TypeCache.ScanAssembly (0ms)
			ScanForSourceGeneratedMonoScriptInfo (6ms)
			ResolveRequiredComponents (4ms)
	FinalizeReload (642ms)
		ReleaseScriptCaches (0ms)
		RebuildScriptCaches (0ms)
		SetupLoadedEditorAssemblies (373ms)
			LogAssemblyErrors (0ms)
			InitializePlatformSupportModulesInManaged (4ms)
			SetLoadedEditorAssemblies (3ms)
			RefreshPlugins (0ms)
			BeforeProcessingInitializeOnLoad (39ms)
			ProcessInitializeOnLoadAttributes (244ms)
			ProcessInitializeOnLoadMethodAttributes (79ms)
			AfterProcessingInitializeOnLoad (3ms)
			EditorAssembliesLoaded (0ms)
		ExecutionOrderSort2 (0ms)
		AwakeInstancesAfterBackupRestoration (5ms)
Refreshing native plugins compatible for Editor in 1.63 ms, found 3 plugins.
Preloading 0 native plugins for Editor in 0.00 ms.
Unloading 3135 Unused Serialized files (Serialized files now loaded: 0)
Unloading 35 unused Assets / (33.1 KB). Loaded Objects now: 3638.
Memory consumption went from 135.6 MB to 135.5 MB.
Total: 2.397400 ms (FindLiveObjects: 0.175300 ms CreateObjectMapping: 0.065500 ms MarkObjects: 2.081800 ms  DeleteObjects: 0.073900 ms)

Prepare: number of updated asset objects reloaded= 0
AssetImportParameters requested are different than current active one (requested -> active):
  custom:container-demuxer-ogg: 62fdf1f143b41e24485cea50d1cbac27 -> 
  custom:video-decoder-ogg-theora: a1e56fd34408186e4bbccfd4996cb3dc -> 
  custom:framework-win-MediaFoundation: 216162199b28c13a410421893ffa2e32 -> 
  custom:CustomObjectIndexerAttribute: 9a22284fe3817be447336de3de66b15e -> 
  custom:container-demuxer-webm: 4f35f7cbe854078d1ac9338744f61a02 -> 
  custom:container-muxer-webm: aa71ff27fc2769a1b78a27578f13a17b -> 
  custom:video-decoder-webm-vp8: 9c59270c3fd7afecdb556c50c9e8de78 -> 
  custom:SearchIndexIgnoredProperties: e643bd26f0fe6173181afceb89e7c659 -> 
  custom:AudioImporter_EditorPlatform: d09bf68614088b80899f8185d706f6e7 -> 
  custom:video-encoder-webm-vp8: eb34c28f22e8b96e1ab97ce403110664 -> 
  custom:audio-decoder-ogg-vorbis: bf7c407c2cedff20999df2af8eb42d56 -> 
  custom:audio-encoder-webm-vorbis: bf7c407c2cedff20999df2af8eb42d56 -> 
========================================================================
Received Prepare
Begin MonoManager ReloadAssembly
- Loaded All Assemblies, in  0.301 seconds
Refreshing native plugins compatible for Editor in 1.64 ms, found 3 plugins.
Native extension for WindowsStandalone target not found
[Package Manager] Server::EnsureServerProcessIsRunning -- launch failed, reason: Unity was launched with the -noUpm command-line argument
[Package Manager] UpmClient::Send -- Unable to send message (not connected to UPM process).
[Package Manager] Cannot connect to Unity Package Manager local server
System.Reflection.TargetInvocationException: Exception has been thrown by the target of an invocation. ---> System.NullReferenceException: Object reference not set to an instance of an object
  at XNodeEditor.NodeEditorAssetModProcessor.OnReloadEditor () [0x0004b] in C:\Users\qwslo\Documents\GitHub\Secrets-of-Sunwarf\Assets\xNode-master\Scripts\Editor\NodeEditorAssetModProcessor.cs:55 
  at (wrapper managed-to-native) System.Reflection.RuntimeMethodInfo.InternalInvoke(System.Reflection.RuntimeMethodInfo,object,object[],System.Exception&)
  at System.Reflection.RuntimeMethodInfo.Invoke (System.Object obj, System.Reflection.BindingFlags invokeAttr, System.Reflection.Binder binder, System.Object[] parameters, System.Globalization.CultureInfo culture) [0x0006a] in <b11ba2a8fbf24f219f7cc98532a11304>:0 
   --- End of inner exception stack trace ---
  at System.Reflection.RuntimeMethodInfo.Invoke (System.Object obj, System.Reflection.BindingFlags invokeAttr, System.Reflection.Binder binder, System.Object[] parameters, System.Globalization.CultureInfo culture) [0x00083] in <b11ba2a8fbf24f219f7cc98532a11304>:0 
  at System.Reflection.MethodBase.Invoke (System.Object obj, System.Object[] parameters) [0x00000] in <b11ba2a8fbf24f219f7cc98532a11304>:0 
  at UnityEditor.EditorAssemblies.ProcessInitializeOnLoadMethodAttributes () [0x000a5] in <fa3f61a6dce8479c85ca5d90a86ee19e>:0 
UnityEngine.StackTraceUtility:ExtractStackTrace ()
UnityEngine.DebugLogHandler:LogFormat (UnityEngine.LogType,UnityEngine.Object,string,object[])
UnityEngine.Logger:Log (UnityEngine.LogType,object)
UnityEngine.Debug:LogError (object)
UnityEditor.EditorAssemblies:ProcessInitializeOnLoadMethodAttributes ()

Mono: successfully reloaded assembly
- Finished resetting the current domain, in  0.776 seconds
Domain Reload Profiling: 1077ms
	BeginReloadAssembly (113ms)
		ExecutionOrderSort (0ms)
		DisableScriptedObjects (3ms)
		BackupInstance (0ms)
		ReleaseScriptingObjects (0ms)
		CreateAndSetChildDomain (27ms)
	RebuildCommonClasses (22ms)
	RebuildNativeTypeToScriptingClass (8ms)
	initialDomainReloadingComplete (20ms)
	LoadAllAssembliesAndSetupDomain (137ms)
		LoadAssemblies (185ms)
		RebuildTransferFunctionScriptingTraits (0ms)
		AnalyzeDomain (10ms)
			TypeCache.Refresh (5ms)
				TypeCache.ScanAssembly (0ms)
			ScanForSourceGeneratedMonoScriptInfo (0ms)
			ResolveRequiredComponents (4ms)
	FinalizeReload (777ms)
		ReleaseScriptCaches (0ms)
		RebuildScriptCaches (0ms)
		SetupLoadedEditorAssemblies (463ms)
			LogAssemblyErrors (0ms)
			InitializePlatformSupportModulesInManaged (5ms)
			SetLoadedEditorAssemblies (4ms)
			RefreshPlugins (0ms)
			BeforeProcessingInitializeOnLoad (49ms)
			ProcessInitializeOnLoadAttributes (294ms)
			ProcessInitializeOnLoadMethodAttributes (106ms)
			AfterProcessingInitializeOnLoad (5ms)
			EditorAssembliesLoaded (0ms)
		ExecutionOrderSort2 (0ms)
		AwakeInstancesAfterBackupRestoration (6ms)
Refreshing native plugins compatible for Editor in 2.02 ms, found 3 plugins.
Preloading 0 native plugins for Editor in 0.00 ms.
Unloading 3136 Unused Serialized files (Serialized files now loaded: 0)
Unloading 35 unused Assets / (33.1 KB). Loaded Objects now: 3641.
Memory consumption went from 137.8 MB to 137.7 MB.
Total: 2.672000 ms (FindLiveObjects: 0.296900 ms CreateObjectMapping: 0.069800 ms MarkObjects: 2.165200 ms  DeleteObjects: 0.138100 ms)

Prepare: number of updated asset objects reloaded= 0
AssetImportParameters requested are different than current active one (requested -> active):
  custom:container-demuxer-ogg: 62fdf1f143b41e24485cea50d1cbac27 -> 
  custom:video-decoder-ogg-theora: a1e56fd34408186e4bbccfd4996cb3dc -> 
  custom:framework-win-MediaFoundation: 216162199b28c13a410421893ffa2e32 -> 
  custom:CustomObjectIndexerAttribute: 9a22284fe3817be447336de3de66b15e -> 
  custom:container-demuxer-webm: 4f35f7cbe854078d1ac9338744f61a02 -> 
  custom:container-muxer-webm: aa71ff27fc2769a1b78a27578f13a17b -> 
  custom:video-decoder-webm-vp8: 9c59270c3fd7afecdb556c50c9e8de78 -> 
  custom:SearchIndexIgnoredProperties: e643bd26f0fe6173181afceb89e7c659 -> 
  custom:AudioImporter_EditorPlatform: d09bf68614088b80899f8185d706f6e7 -> 
  custom:video-encoder-webm-vp8: eb34c28f22e8b96e1ab97ce403110664 -> 
  custom:audio-decoder-ogg-vorbis: bf7c407c2cedff20999df2af8eb42d56 -> 
  custom:audio-encoder-webm-vorbis: bf7c407c2cedff20999df2af8eb42d56 -> 
========================================================================
Received Prepare
Begin MonoManager ReloadAssembly
- Loaded All Assemblies, in  0.310 seconds
Refreshing native plugins compatible for Editor in 3.25 ms, found 3 plugins.
Native extension for WindowsStandalone target not found
[Package Manager] Server::EnsureServerProcessIsRunning -- launch failed, reason: Unity was launched with the -noUpm command-line argument
[Package Manager] UpmClient::Send -- Unable to send message (not connected to UPM process).
[Package Manager] Cannot connect to Unity Package Manager local server
System.Reflection.TargetInvocationException: Exception has been thrown by the target of an invocation. ---> System.NullReferenceException: Object reference not set to an instance of an object
  at XNodeEditor.NodeEditorAssetModProcessor.OnReloadEditor () [0x0004b] in C:\Users\qwslo\Documents\GitHub\Secrets-of-Sunwarf\Assets\xNode-master\Scripts\Editor\NodeEditorAssetModProcessor.cs:55 
  at (wrapper managed-to-native) System.Reflection.RuntimeMethodInfo.InternalInvoke(System.Reflection.RuntimeMethodInfo,object,object[],System.Exception&)
  at System.Reflection.RuntimeMethodInfo.Invoke (System.Object obj, System.Reflection.BindingFlags invokeAttr, System.Reflection.Binder binder, System.Object[] parameters, System.Globalization.CultureInfo culture) [0x0006a] in <b11ba2a8fbf24f219f7cc98532a11304>:0 
   --- End of inner exception stack trace ---
  at System.Reflection.RuntimeMethodInfo.Invoke (System.Object obj, System.Reflection.BindingFlags invokeAttr, System.Reflection.Binder binder, System.Object[] parameters, System.Globalization.CultureInfo culture) [0x00083] in <b11ba2a8fbf24f219f7cc98532a11304>:0 
  at System.Reflection.MethodBase.Invoke (System.Object obj, System.Object[] parameters) [0x00000] in <b11ba2a8fbf24f219f7cc98532a11304>:0 
  at UnityEditor.EditorAssemblies.ProcessInitializeOnLoadMethodAttributes () [0x000a5] in <fa3f61a6dce8479c85ca5d90a86ee19e>:0 
UnityEngine.StackTraceUtility:ExtractStackTrace ()
UnityEngine.DebugLogHandler:LogFormat (UnityEngine.LogType,UnityEngine.Object,string,object[])
UnityEngine.Logger:Log (UnityEngine.LogType,object)
UnityEngine.Debug:LogError (object)
UnityEditor.EditorAssemblies:ProcessInitializeOnLoadMethodAttributes ()

Mono: successfully reloaded assembly
- Finished resetting the current domain, in  0.923 seconds
Domain Reload Profiling: 1233ms
	BeginReloadAssembly (120ms)
		ExecutionOrderSort (0ms)
		DisableScriptedObjects (3ms)
		BackupInstance (0ms)
		ReleaseScriptingObjects (0ms)
		CreateAndSetChildDomain (26ms)
	RebuildCommonClasses (21ms)
	RebuildNativeTypeToScriptingClass (7ms)
	initialDomainReloadingComplete (19ms)
	LoadAllAssembliesAndSetupDomain (142ms)
		LoadAssemblies (196ms)
		RebuildTransferFunctionScriptingTraits (0ms)
		AnalyzeDomain (11ms)
			TypeCache.Refresh (5ms)
				TypeCache.ScanAssembly (0ms)
			ScanForSourceGeneratedMonoScriptInfo (0ms)
			ResolveRequiredComponents (5ms)
	FinalizeReload (924ms)
		ReleaseScriptCaches (0ms)
		RebuildScriptCaches (0ms)
		SetupLoadedEditorAssemblies (516ms)
			LogAssemblyErrors (0ms)
			InitializePlatformSupportModulesInManaged (6ms)
			SetLoadedEditorAssemblies (3ms)
			RefreshPlugins (0ms)
			BeforeProcessingInitializeOnLoad (51ms)
			ProcessInitializeOnLoadAttributes (335ms)
			ProcessInitializeOnLoadMethodAttributes (116ms)
			AfterProcessingInitializeOnLoad (4ms)
			EditorAssembliesLoaded (0ms)
		ExecutionOrderSort2 (0ms)
		AwakeInstancesAfterBackupRestoration (7ms)
Refreshing native plugins compatible for Editor in 2.34 ms, found 3 plugins.
Preloading 0 native plugins for Editor in 0.00 ms.
Unloading 3136 Unused Serialized files (Serialized files now loaded: 0)
Unloading 35 unused Assets / (33.2 KB). Loaded Objects now: 3644.
Memory consumption went from 139.7 MB to 139.7 MB.
Total: 2.083700 ms (FindLiveObjects: 0.163400 ms CreateObjectMapping: 0.064000 ms MarkObjects: 1.791500 ms  DeleteObjects: 0.063400 ms)

Prepare: number of updated asset objects reloaded= 0
AssetImportParameters requested are different than current active one (requested -> active):
  custom:container-demuxer-ogg: 62fdf1f143b41e24485cea50d1cbac27 -> 
  custom:video-decoder-ogg-theora: a1e56fd34408186e4bbccfd4996cb3dc -> 
  custom:framework-win-MediaFoundation: 216162199b28c13a410421893ffa2e32 -> 
  custom:CustomObjectIndexerAttribute: 9a22284fe3817be447336de3de66b15e -> 
  custom:container-demuxer-webm: 4f35f7cbe854078d1ac9338744f61a02 -> 
  custom:container-muxer-webm: aa71ff27fc2769a1b78a27578f13a17b -> 
  custom:video-decoder-webm-vp8: 9c59270c3fd7afecdb556c50c9e8de78 -> 
  custom:SearchIndexIgnoredProperties: e643bd26f0fe6173181afceb89e7c659 -> 
  custom:AudioImporter_EditorPlatform: d09bf68614088b80899f8185d706f6e7 -> 
  custom:video-encoder-webm-vp8: eb34c28f22e8b96e1ab97ce403110664 -> 
  custom:audio-decoder-ogg-vorbis: bf7c407c2cedff20999df2af8eb42d56 -> 
  custom:audio-encoder-webm-vorbis: bf7c407c2cedff20999df2af8eb42d56 -> 
